This is pdfTeX, Version 3.14159265-2.6-1.40.15 (TeX Live 2014) (preloaded format=pdflatex 2014.5.25)  26 SEP 2014 11:13
entering extended mode
 restricted \write18 enabled.
 file:line:error style messages enabled.
 %&-line parsing enabled.
**MParticle_resubmit.tex
(./MParticle_resubmit.tex
LaTeX2e <2014/05/01>
Babel <3.9k> and hyphenation patterns for 78 languages loaded.
(./IEEEtran.cls
Document Class: IEEEtran 2014/09/17 V1.8a by Michael Shell
-- See the "IEEEtran_HOWTO" manual for usage information.
-- http://www.michaelshell.org/tex/ieeetran/
\@IEEEtrantmpdimenA=\dimen102
\@IEEEtrantmpdimenB=\dimen103
\@IEEEtrantmpdimenC=\dimen104
\@IEEEtrantmpcountA=\count79
\@IEEEtrantmpcountB=\count80
\@IEEEtrantmpcountC=\count81
\@IEEEtrantmptoksA=\toks14
LaTeX Font Info:    Try loading font information for OT1+ptm on input line 458.

(/usr/local/texlive/2014/texmf-dist/tex/latex/psnfss/ot1ptm.fd
File: ot1ptm.fd 2001/06/04 font definitions for OT1/ptm.
)
-- Using 8.5in x 11in (letter) paper.
-- Using PDF output.
\@IEEEnormalsizeunitybaselineskip=\dimen105
-- This is a 10 point document.
\CLASSINFOnormalsizebaselineskip=\dimen106
\CLASSINFOnormalsizeunitybaselineskip=\dimen107
\IEEEnormaljot=\dimen108
LaTeX Font Info:    Font shape `OT1/ptm/bx/n' in size <5> not available
(Font)              Font shape `OT1/ptm/b/n' tried instead on input line 1039.
LaTeX Font Info:    Font shape `OT1/ptm/bx/it' in size <5> not available
(Font)              Font shape `OT1/ptm/b/it' tried instead on input line 1039.

LaTeX Font Info:    Font shape `OT1/ptm/bx/n' in size <7> not available
(Font)              Font shape `OT1/ptm/b/n' tried instead on input line 1039.
LaTeX Font Info:    Font shape `OT1/ptm/bx/it' in size <7> not available
(Font)              Font shape `OT1/ptm/b/it' tried instead on input line 1039.

LaTeX Font Info:    Font shape `OT1/ptm/bx/n' in size <8> not available
(Font)              Font shape `OT1/ptm/b/n' tried instead on input line 1039.
LaTeX Font Info:    Font shape `OT1/ptm/bx/it' in size <8> not available
(Font)              Font shape `OT1/ptm/b/it' tried instead on input line 1039.

LaTeX Font Info:    Font shape `OT1/ptm/bx/n' in size <9> not available
(Font)              Font shape `OT1/ptm/b/n' tried instead on input line 1039.
LaTeX Font Info:    Font shape `OT1/ptm/bx/it' in size <9> not available
(Font)              Font shape `OT1/ptm/b/it' tried instead on input line 1039.

LaTeX Font Info:    Font shape `OT1/ptm/bx/n' in size <10> not available
(Font)              Font shape `OT1/ptm/b/n' tried instead on input line 1039.
LaTeX Font Info:    Font shape `OT1/ptm/bx/it' in size <10> not available
(Font)              Font shape `OT1/ptm/b/it' tried instead on input line 1039.

LaTeX Font Info:    Font shape `OT1/ptm/bx/n' in size <11> not available
(Font)              Font shape `OT1/ptm/b/n' tried instead on input line 1039.
LaTeX Font Info:    Font shape `OT1/ptm/bx/it' in size <11> not available
(Font)              Font shape `OT1/ptm/b/it' tried instead on input line 1039.

LaTeX Font Info:    Font shape `OT1/ptm/bx/n' in size <12> not available
(Font)              Font shape `OT1/ptm/b/n' tried instead on input line 1039.
LaTeX Font Info:    Font shape `OT1/ptm/bx/it' in size <12> not available
(Font)              Font shape `OT1/ptm/b/it' tried instead on input line 1039.

LaTeX Font Info:    Font shape `OT1/ptm/bx/n' in size <17> not available
(Font)              Font shape `OT1/ptm/b/n' tried instead on input line 1039.
LaTeX Font Info:    Font shape `OT1/ptm/bx/it' in size <17> not available
(Font)              Font shape `OT1/ptm/b/it' tried instead on input line 1039.

LaTeX Font Info:    Font shape `OT1/ptm/bx/n' in size <20> not available
(Font)              Font shape `OT1/ptm/b/n' tried instead on input line 1039.
LaTeX Font Info:    Font shape `OT1/ptm/bx/it' in size <20> not available
(Font)              Font shape `OT1/ptm/b/it' tried instead on input line 1039.

LaTeX Font Info:    Font shape `OT1/ptm/bx/n' in size <24> not available
(Font)              Font shape `OT1/ptm/b/n' tried instead on input line 1039.
LaTeX Font Info:    Font shape `OT1/ptm/bx/it' in size <24> not available
(Font)              Font shape `OT1/ptm/b/it' tried instead on input line 1039.

\IEEEquantizedlength=\dimen109
\IEEEquantizedlengthdiff=\dimen110
\IEEEquantizedtextheightdiff=\dimen111
\IEEEilabelindentA=\dimen112
\IEEEilabelindentB=\dimen113
\IEEEilabelindent=\dimen114
\IEEEelabelindent=\dimen115
\IEEEdlabelindent=\dimen116
\IEEElabelindent=\dimen117
\IEEEiednormlabelsep=\dimen118
\IEEEiedmathlabelsep=\dimen119
\IEEEiedtopsep=\skip41
\c@section=\count82
\c@subsection=\count83
\c@subsubsection=\count84
\c@paragraph=\count85
\c@IEEEsubequation=\count86
\abovecaptionskip=\skip42
\belowcaptionskip=\skip43
\c@figure=\count87
\c@table=\count88
\@IEEEeqnnumcols=\count89
\@IEEEeqncolcnt=\count90
\@IEEEsubeqnnumrollback=\count91
\@IEEEquantizeheightA=\dimen120
\@IEEEquantizeheightB=\dimen121
\@IEEEquantizeheightC=\dimen122
\@IEEEquantizeprevdepth=\dimen123
\@IEEEquantizemultiple=\count92
\@IEEEquantizeboxA=\box26
\@IEEEtmpitemindent=\dimen124
\c@IEEEbiography=\count93
\@IEEEtranrubishbin=\box27
) (/usr/local/texlive/2014/texmf-dist/tex/latex/graphics/graphicx.sty
Package: graphicx 2014/04/25 v1.0g Enhanced LaTeX Graphics (DPC,SPQR)

(/usr/local/texlive/2014/texmf-dist/tex/latex/graphics/keyval.sty
Package: keyval 2014/05/08 v1.15 key=value parser (DPC)
\KV@toks@=\toks15
)
(/usr/local/texlive/2014/texmf-dist/tex/latex/graphics/graphics.sty
Package: graphics 2009/02/05 v1.0o Standard LaTeX Graphics (DPC,SPQR)

(/usr/local/texlive/2014/texmf-dist/tex/latex/graphics/trig.sty
Package: trig 1999/03/16 v1.09 sin cos tan (DPC)
)
(/usr/local/texlive/2014/texmf-dist/tex/latex/latexconfig/graphics.cfg
File: graphics.cfg 2010/04/23 v1.9 graphics configuration of TeX Live
)
Package graphics Info: Driver file: pdftex.def on input line 91.

(/usr/local/texlive/2014/texmf-dist/tex/latex/pdftex-def/pdftex.def
File: pdftex.def 2011/05/27 v0.06d Graphics/color for pdfTeX

(/usr/local/texlive/2014/texmf-dist/tex/generic/oberdiek/infwarerr.sty
Package: infwarerr 2010/04/08 v1.3 Providing info/warning/error messages (HO)
)
(/usr/local/texlive/2014/texmf-dist/tex/generic/oberdiek/ltxcmds.sty
Package: ltxcmds 2011/11/09 v1.22 LaTeX kernel commands for general use (HO)
)
\Gread@gobject=\count94
))
\Gin@req@height=\dimen125
\Gin@req@width=\dimen126
)
(/usr/local/texlive/2014/texmf-dist/tex/latex/xcolor/xcolor.sty
Package: xcolor 2007/01/21 v2.11 LaTeX color extensions (UK)

(/usr/local/texlive/2014/texmf-dist/tex/latex/latexconfig/color.cfg
File: color.cfg 2007/01/18 v1.5 color configuration of teTeX/TeXLive
)
Package xcolor Info: Driver file: pdftex.def on input line 225.
Package xcolor Info: Model `cmy' substituted by `cmy0' on input line 1337.
Package xcolor Info: Model `hsb' substituted by `rgb' on input line 1341.
Package xcolor Info: Model `RGB' extended on input line 1353.
Package xcolor Info: Model `HTML' substituted by `rgb' on input line 1355.
Package xcolor Info: Model `Hsb' substituted by `hsb' on input line 1356.
Package xcolor Info: Model `tHsb' substituted by `hsb' on input line 1357.
Package xcolor Info: Model `HSB' substituted by `hsb' on input line 1358.
Package xcolor Info: Model `Gray' substituted by `gray' on input line 1359.
Package xcolor Info: Model `wave' substituted by `hsb' on input line 1360.
)
(/usr/local/texlive/2014/texmf-dist/tex/latex/amsmath/amsmath.sty
Package: amsmath 2013/01/14 v2.14 AMS math features
\@mathmargin=\skip44

For additional information on amsmath, use the `?' option.
(/usr/local/texlive/2014/texmf-dist/tex/latex/amsmath/amstext.sty
Package: amstext 2000/06/29 v2.01

(/usr/local/texlive/2014/texmf-dist/tex/latex/amsmath/amsgen.sty
File: amsgen.sty 1999/11/30 v2.0
\@emptytoks=\toks16
\ex@=\dimen127
))
(/usr/local/texlive/2014/texmf-dist/tex/latex/amsmath/amsbsy.sty
Package: amsbsy 1999/11/29 v1.2d
\pmbraise@=\dimen128
)
(/usr/local/texlive/2014/texmf-dist/tex/latex/amsmath/amsopn.sty
Package: amsopn 1999/12/14 v2.01 operator names
)
\inf@bad=\count95
LaTeX Info: Redefining \frac on input line 210.
\uproot@=\count96
\leftroot@=\count97
LaTeX Info: Redefining \overline on input line 306.
\classnum@=\count98
\DOTSCASE@=\count99
LaTeX Info: Redefining \ldots on input line 378.
LaTeX Info: Redefining \dots on input line 381.
LaTeX Info: Redefining \cdots on input line 466.
\Mathstrutbox@=\box28
\strutbox@=\box29
\big@size=\dimen129
LaTeX Font Info:    Redeclaring font encoding OML on input line 566.
LaTeX Font Info:    Redeclaring font encoding OMS on input line 567.
\macc@depth=\count100
\c@MaxMatrixCols=\count101
\dotsspace@=\muskip10
\c@parentequation=\count102
\dspbrk@lvl=\count103
\tag@help=\toks17
\row@=\count104
\column@=\count105
\maxfields@=\count106
\andhelp@=\toks18
\eqnshift@=\dimen130
\alignsep@=\dimen131
\tagshift@=\dimen132
\tagwidth@=\dimen133
\totwidth@=\dimen134
\lineht@=\dimen135
\@envbody=\toks19
\multlinegap=\skip45
\multlinetaggap=\skip46
\mathdisplay@stack=\toks20
LaTeX Info: Redefining \[ on input line 2665.
LaTeX Info: Redefining \] on input line 2666.
)
(/usr/local/texlive/2014/texmf-dist/tex/latex/amsfonts/amsfonts.sty
Package: amsfonts 2013/01/14 v3.01 Basic AMSFonts support
\symAMSa=\mathgroup4
\symAMSb=\mathgroup5
LaTeX Font Info:    Overwriting math alphabet `\mathfrak' in version `bold'
(Font)                  U/euf/m/n --> U/euf/b/n on input line 106.
)
(/usr/local/texlive/2014/texmf-dist/tex/latex/tools/enumerate.sty
Package: enumerate 1999/03/05 v3.00 enumerate extensions (DPC)
\@enLab=\toks21
)
(/usr/local/texlive/2014/texmf-dist/tex/latex/tools/array.sty
Package: array 2008/09/09 v2.4c Tabular extension package (FMi)
\col@sep=\dimen136
\extrarowheight=\dimen137
\NC@list=\toks22
\extratabsurround=\skip47
\backup@length=\skip48
)
(/usr/local/texlive/2014/texmf-dist/tex/latex/mdwtools/mdwmath.sty
Package: mdwmath 1996/04/11 1.1 Nice mathematical things
\sq@sqrt=\count107
LaTeX Info: Redefining \sqrt on input line 84.
)
(/usr/local/texlive/2014/texmf-dist/tex/latex/mdwtools/mdwtab.sty
Package: mdwtab 1998/04/28 1.9 Table typesetting with style
\tab@state=\count108
\tab@columns=\count109
\tab@preamble=\toks23
\tab@shortline=\toks24
\extrarowheight=\dimen138
\tabextrasep=\dimen139
\arrayextrasep=\dimen140
\smarraycolsep=\dimen141
\smarrayextrasep=\dimen142
\tab@width=\dimen143
\col@sep=\dimen144
\tab@endheight=\dimen145
\tab@leftskip=\skip49
\tab@rightskip=\skip50
\fn@notes=\box30
\fn@width=\dimen146
)
(/usr/local/texlive/2014/texmf-dist/tex/latex/eqparbox/eqparbox.sty
Package: eqparbox 2013/03/15 v4.0 Create equal-widthed boxes
\eqp@tempdima=\skip51
\eqp@tempdimb=\skip52
\eqp@tabular@box=\box31
\eqp@list@box=\box32
\eqp@list@indent=\skip53

(/usr/local/texlive/2014/texmf-dist/tex/latex/environ/environ.sty
Package: environ 2014/05/04 v0.3 A new way to define environments

(/usr/local/texlive/2014/texmf-dist/tex/latex/trimspaces/trimspaces.sty
Package: trimspaces 2009/09/17 v1.1 Trim spaces around a token list
)))
(/usr/local/texlive/2014/texmf-dist/tex/latex/subfigure/subfigure.sty
Package: subfigure 2002/03/15 v2.1.5 subfigure package
\subfigtopskip=\skip54
\subfigcapskip=\skip55
\subfigcaptopadj=\dimen147
\subfigbottomskip=\skip56
\subfigcapmargin=\dimen148
\subfiglabelskip=\skip57
\c@subfigure=\count110
\c@lofdepth=\count111
\c@subtable=\count112
\c@lotdepth=\count113

****************************************
* Local config file subfigure.cfg used *
****************************************
(/usr/local/texlive/2014/texmf-dist/tex/latex/subfigure/subfigure.cfg)
\subfig@top=\skip58
\subfig@bottom=\skip59
)
(/usr/local/texlive/2014/texmf-dist/tex/latex/subfig/subfig.sty
Package: subfig 2005/06/28 ver: 1.3 subfig package

(/usr/local/texlive/2014/texmf-dist/tex/latex/caption/caption3.sty
Package: caption3 2013/05/02 v1.6-88 caption3 kernel (AR)
Package caption3 Info: TeX engine: e-TeX on input line 57.
\captionmargin=\dimen149
\captionmargin@=\dimen150
\captionwidth=\dimen151
\caption@tempdima=\dimen152
\caption@indent=\dimen153
\caption@parindent=\dimen154
\caption@hangindent=\dimen155
Package caption Info: Unknown document class (or package),
(caption)             standard defaults will be used.
)
\c@KVtest=\count114
\sf@farskip=\skip60
\sf@captopadj=\dimen156
\sf@capskip=\skip61
\sf@nearskip=\skip62
\sf@top=\skip63
\sf@bottom=\skip64
)
(/usr/local/texlive/2014/texmf-dist/tex/latex/url/url.sty
\Urlmuskip=\muskip11
Package: url 2013/09/16  ver 3.4  Verb mode for urls, etc.
)
\c@Thm=\count115

(./MParticle_resubmit.aux)
\openout1 = `MParticle_resubmit.aux'.

LaTeX Font Info:    Checking defaults for OML/cmm/m/it on input line 372.
LaTeX Font Info:    ... okay on input line 372.
LaTeX Font Info:    Checking defaults for T1/cmr/m/n on input line 372.
LaTeX Font Info:    ... okay on input line 372.
LaTeX Font Info:    Checking defaults for OT1/cmr/m/n on input line 372.
LaTeX Font Info:    ... okay on input line 372.
LaTeX Font Info:    Checking defaults for OMS/cmsy/m/n on input line 372.
LaTeX Font Info:    ... okay on input line 372.
LaTeX Font Info:    Checking defaults for OMX/cmex/m/n on input line 372.
LaTeX Font Info:    ... okay on input line 372.
LaTeX Font Info:    Checking defaults for U/cmr/m/n on input line 372.
LaTeX Font Info:    ... okay on input line 372.

-- Lines per column: 56 (exact).
(/usr/local/texlive/2014/texmf-dist/tex/context/base/supp-pdf.mkii
[Loading MPS to PDF converter (version 2006.09.02).]
\scratchcounter=\count116
\scratchdimen=\dimen157
\scratchbox=\box33
\nofMPsegments=\count117
\nofMParguments=\count118
\everyMPshowfont=\toks25
\MPscratchCnt=\count119
\MPscratchDim=\dimen158
\MPnumerator=\count120
\makeMPintoPDFobject=\count121
\everyMPtoPDFconversion=\toks26
) (/usr/local/texlive/2014/texmf-dist/tex/generic/oberdiek/pdftexcmds.sty
Package: pdftexcmds 2011/11/29 v0.20 Utility functions of pdfTeX for LuaTeX (HO
)

(/usr/local/texlive/2014/texmf-dist/tex/generic/oberdiek/ifluatex.sty
Package: ifluatex 2010/03/01 v1.3 Provides the ifluatex switch (HO)
Package ifluatex Info: LuaTeX not detected.
)
(/usr/local/texlive/2014/texmf-dist/tex/generic/oberdiek/ifpdf.sty
Package: ifpdf 2011/01/30 v2.3 Provides the ifpdf switch (HO)
Package ifpdf Info: pdfTeX in PDF mode is detected.
)
Package pdftexcmds Info: LuaTeX not detected.
Package pdftexcmds Info: \pdf@primitive is available.
Package pdftexcmds Info: \pdf@ifprimitive is available.
Package pdftexcmds Info: \pdfdraftmode found.
)
(/usr/local/texlive/2014/texmf-dist/tex/latex/oberdiek/epstopdf-base.sty
Package: epstopdf-base 2010/02/09 v2.5 Base part for package epstopdf

(/usr/local/texlive/2014/texmf-dist/tex/latex/oberdiek/grfext.sty
Package: grfext 2010/08/19 v1.1 Manage graphics extensions (HO)

(/usr/local/texlive/2014/texmf-dist/tex/generic/oberdiek/kvdefinekeys.sty
Package: kvdefinekeys 2011/04/07 v1.3 Define keys (HO)
))
(/usr/local/texlive/2014/texmf-dist/tex/latex/oberdiek/kvoptions.sty
Package: kvoptions 2011/06/30 v3.11 Key value format for package options (HO)

(/usr/local/texlive/2014/texmf-dist/tex/generic/oberdiek/kvsetkeys.sty
Package: kvsetkeys 2012/04/25 v1.16 Key value parser (HO)

(/usr/local/texlive/2014/texmf-dist/tex/generic/oberdiek/etexcmds.sty
Package: etexcmds 2011/02/16 v1.5 Avoid name clashes with e-TeX commands (HO)
Package etexcmds Info: Could not find \expanded.
(etexcmds)             That can mean that you are not using pdfTeX 1.50 or
(etexcmds)             that some package has redefined \expanded.
(etexcmds)             In the latter case, load this package earlier.
)))
Package grfext Info: Graphics extension search list:
(grfext)             [.png,.pdf,.jpg,.mps,.jpeg,.jbig2,.jb2,.PNG,.PDF,.JPG,.JPE
G,.JBIG2,.JB2,.eps]
(grfext)             \AppendGraphicsExtensions on input line 452.

(/usr/local/texlive/2014/texmf-dist/tex/latex/latexconfig/epstopdf-sys.cfg
File: epstopdf-sys.cfg 2010/07/13 v1.3 Configuration of (r)epstopdf for TeX Liv
e
))
Package caption Info: Begin \AtBeginDocument code.
Package caption Info: subfig package v1.3 is loaded.
Package caption Info: End \AtBeginDocument code.

(./abstract.tex) (./introduction.tex [1{/usr/local/texlive/2014/texmf-var/fonts
/map/pdftex/updmap/pdftex.map}


]) (./model.tex
LaTeX Font Info:    Try loading font information for U+msa on input line 3.

(/usr/local/texlive/2014/texmf-dist/tex/latex/amsfonts/umsa.fd
File: umsa.fd 2013/01/14 v3.01 AMS symbols A
)
LaTeX Font Info:    Try loading font information for U+msb on input line 3.

(/usr/local/texlive/2014/texmf-dist/tex/latex/amsfonts/umsb.fd
File: umsb.fd 2013/01/14 v3.01 AMS symbols B
)
Underfull \hbox (badness 10000) in paragraph at lines 65--67
[][]\OT1/ptm/b/it/10 Property \OT1/ptm/m/it/10 1: \OT1/ptm/m/n/10 A ma-trix $\O
ML/cmm/m/it/10 M$ \OT1/ptm/m/n/10 is in $\OML/cmm/m/it/10 conv\OT1/cmr/m/n/10 (
\OML/cmm/m/it/10 U\OT1/cmr/m/n/10 )$ \OT1/ptm/m/n/10 if
 []


Underfull \hbox (badness 10000) in paragraph at lines 65--67
\OT1/ptm/m/n/10 and only if $\OMS/cmsy/m/n/10 9$ \OT1/ptm/m/n/10 a se-quence of
 con-trol ma-tri-ces
 []

[2]) (./immediate_feedback.tex) (./MPrelaxation.tex [3] [4]
Underfull \vbox (badness 1789) has occurred while \output is active []


Underfull \vbox (badness 1622) has occurred while \output is active []

 [5]
Overfull \hbox (1.02939pt too wide) in paragraph at lines 306--306
[] 
 []


Overfull \hbox (0.96098pt too wide) in paragraph at lines 352--352
[] 
 []


Underfull \vbox (badness 10000) has occurred while \output is active []


Overfull \hbox (10.44249pt too wide) detected at line 373
[] [] []\OT1/cmr/m/n/10 [\OML/cmm/m/it/10 f[]r\OT1/cmr/m/n/10 (\OML/cmm/m/it/10
 l; m\OT1/cmr/m/n/10 ) \OMS/cmsy/m/n/10 ^^@ \OML/cmm/m/it/10 c\OT1/cmr/m/n/10 (
\OML/cmm/m/it/10 l; m\OT1/cmr/m/n/10 )\OML/cmm/m/it/10 S\OT1/cmr/m/n/10 (\OML/c
mm/m/it/10 l; m\OT1/cmr/m/n/10 )][] \OML/cmm/m/it/10 < p []\OT1/cmr/m/n/10 [\OM
L/cmm/m/it/10 f[]r\OT1/cmr/m/n/10 (\OML/cmm/m/it/10 l; m\OT1/cmr/m/n/10 ) + \OM
L/cmm/m/it/10 c\OT1/cmr/m/n/10 (\OML/cmm/m/it/10 l; m\OT1/cmr/m/n/10 )]
 []


Underfull \vbox (badness 10000) has occurred while \output is active []

 [6]
Underfull \hbox (badness 1888) in paragraph at lines 408--415
\OT1/ptm/m/n/10 establishes that the cycle-based max pres-sure con-troller
 []

) (./numerical.tex <./i15network.png, id=43, 712.6625pt x 324.21124pt>
File: ./i15network.png Graphic file (type png)

<use ./i15network.png>
Package pdftex.def Info: ./i15network.png used on input line 8.
(pdftex.def)             Requested size: 201.60077pt x 91.71352pt.
Package epstopdf Info: Source file: <./VehicleCountsPlot.eps>
(epstopdf)                    date: 2014-09-22 12:39:02
(epstopdf)                    size: 18024 bytes
(epstopdf)             Output file: <./VehicleCountsPlot-eps-converted-to.pdf>
(epstopdf)                    date: 2014-09-22 12:39:02
(epstopdf)                    size: 14032 bytes
(epstopdf)             Command: <repstopdf --outfile=./VehicleCountsPlot-eps-co
nverted-to.pdf ./VehicleCountsPlot.eps>
(epstopdf)             \includegraphics on input line 24.
Package epstopdf Info: Output file is already uptodate.

<./VehicleCountsPlot-eps-converted-to.pdf, id=45, 665.48625pt x 331.2375pt>
File: ./VehicleCountsPlot-eps-converted-to.pdf Graphic file (type pdf)

<use ./VehicleCountsPlot-eps-converted-to.pdf>
Package pdftex.def Info: ./VehicleCountsPlot-eps-converted-to.pdf used on input
 line 24.
(pdftex.def)             Requested size: 252.0pt x 125.42677pt.
Package epstopdf Info: Source file: <./VehicleDelayPlot.eps>
(epstopdf)                    date: 2014-09-22 12:39:02
(epstopdf)                    size: 14051 bytes
(epstopdf)             Output file: <./VehicleDelayPlot-eps-converted-to.pdf>
(epstopdf)                    date: 2014-09-22 12:39:02
(epstopdf)                    size: 12370 bytes
(epstopdf)             Command: <repstopdf --outfile=./VehicleDelayPlot-eps-con
verted-to.pdf ./VehicleDelayPlot.eps>
(epstopdf)             \includegraphics on input line 31.
Package epstopdf Info: Output file is already uptodate.

<./VehicleDelayPlot-eps-converted-to.pdf, id=46, 665.48625pt x 331.2375pt>
File: ./VehicleDelayPlot-eps-converted-to.pdf Graphic file (type pdf)

<use ./VehicleDelayPlot-eps-converted-to.pdf>
Package pdftex.def Info: ./VehicleDelayPlot-eps-converted-to.pdf used on input 
line 31.
(pdftex.def)             Requested size: 252.0pt x 125.42677pt.
Package epstopdf Info: Source file: <./VehicleStopsPlot.eps>
(epstopdf)                    date: 2014-09-22 12:39:02
(epstopdf)                    size: 19905 bytes
(epstopdf)             Output file: <./VehicleStopsPlot-eps-converted-to.pdf>
(epstopdf)                    date: 2014-09-22 12:39:02
(epstopdf)                    size: 16463 bytes
(epstopdf)             Command: <repstopdf --outfile=./VehicleStopsPlot-eps-con
verted-to.pdf ./VehicleStopsPlot.eps>
(epstopdf)             \includegraphics on input line 32.
Package epstopdf Info: Output file is already uptodate.

<./VehicleStopsPlot-eps-converted-to.pdf, id=47, 665.48625pt x 355.3275pt>
File: ./VehicleStopsPlot-eps-converted-to.pdf Graphic file (type pdf)

<use ./VehicleStopsPlot-eps-converted-to.pdf>
Package pdftex.def Info: ./VehicleStopsPlot-eps-converted-to.pdf used on input 
line 32.
(pdftex.def)             Requested size: 252.0pt x 134.54872pt.
 [7 <./i15network.png> <./VehicleCountsPlot-eps-converted-to.pdf> <./VehicleDel
ayPlot-eps-converted-to.pdf> <./VehicleStopsPlot-eps-converted-to.pdf>]) (./MPa
rticle_resubmit.bbl)
(./appendix_tauadmissible.tex
Underfull \hbox (badness 10000) in paragraph at lines 11--12
[]$\OMS/cmsy/m/n/10 U[]$ \OT1/ptm/m/n/10 is the set of $\OML/cmm/m/it/10 ^^\$\O
T1/ptm/m/n/10 -updated con-trol se-quences
 []

)

** Conference Paper **
Before submitting the final camera ready copy, remember to:

 1. Manually equalize the lengths of two columns on the last page
 of your paper;

 2. Ensure that any PostScript and/or PDF output post-processing
 uses only Type 1 fonts and that every step in the generation
 process uses the appropriate paper size.

[8] (./MParticle_resubmit.aux) ) 
Here is how much of TeX's memory you used:
 4885 strings out of 493117
 74203 string characters out of 6135433
 164914 words of memory out of 5000000
 8235 multiletter control sequences out of 15000+600000
 43810 words of font info for 88 fonts, out of 8000000 for 9000
 1141 hyphenation exceptions out of 8191
 38i,14n,38p,2171b,248s stack positions out of 5000i,500n,10000p,200000b,80000s
{/usr/local/texlive/2014/texmf-dist/fonts/enc/d
vips/base/8r.enc}</usr/local/texlive/2014/texmf-dist/fonts/type1/public/amsfont
s/cm/cmex10.pfb></usr/local/texlive/2014/texmf-dist/fonts/type1/public/amsfonts
/cmextra/cmex9.pfb></usr/local/texlive/2014/texmf-dist/fonts/type1/public/amsfo
nts/cm/cmmi10.pfb></usr/local/texlive/2014/texmf-dist/fonts/type1/public/amsfon
ts/cm/cmmi5.pfb></usr/local/texlive/2014/texmf-dist/fonts/type1/public/amsfonts
/cm/cmmi6.pfb></usr/local/texlive/2014/texmf-dist/fonts/type1/public/amsfonts/c
m/cmmi7.pfb></usr/local/texlive/2014/texmf-dist/fonts/type1/public/amsfonts/cm/
cmmi9.pfb></usr/local/texlive/2014/texmf-dist/fonts/type1/public/amsfonts/cm/cm
r10.pfb></usr/local/texlive/2014/texmf-dist/fonts/type1/public/amsfonts/cm/cmr5
.pfb></usr/local/texlive/2014/texmf-dist/fonts/type1/public/amsfonts/cm/cmr6.pf
b></usr/local/texlive/2014/texmf-dist/fonts/type1/public/amsfonts/cm/cmr7.pfb><
/usr/local/texlive/2014/texmf-dist/fonts/type1/public/amsfonts/cm/cmr9.pfb></us
r/local/texlive/2014/texmf-dist/fonts/type1/public/amsfonts/cm/cmsy10.pfb></usr
/local/texlive/2014/texmf-dist/fonts/type1/public/amsfonts/cm/cmsy5.pfb></usr/l
ocal/texlive/2014/texmf-dist/fonts/type1/public/amsfonts/cm/cmsy6.pfb></usr/loc
al/texlive/2014/texmf-dist/fonts/type1/public/amsfonts/cm/cmsy7.pfb></usr/local
/texlive/2014/texmf-dist/fonts/type1/public/amsfonts/cm/cmsy9.pfb></usr/local/t
exlive/2014/texmf-dist/fonts/type1/public/amsfonts/symbols/msbm10.pfb></usr/loc
al/texlive/2014/texmf-dist/fonts/type1/urw/times/utmb8a.pfb></usr/local/texlive
/2014/texmf-dist/fonts/type1/urw/times/utmbi8a.pfb></usr/local/texlive/2014/tex
mf-dist/fonts/type1/urw/times/utmr8a.pfb></usr/local/texlive/2014/texmf-dist/fo
nts/type1/urw/times/utmri8a.pfb>
Output written on MParticle_resubmit.pdf (8 pages, 381170 bytes).
PDF statistics:
 143 PDF objects out of 1000 (max. 8388607)
 101 compressed objects within 2 object streams
 0 named destinations out of 1000 (max. 500000)
 21 words of extra memory for PDF output out of 10000 (max. 10000000)

